[2023-07-19 20:39:55] INFO: 开始创建后端程序
[2023-07-19 20:39:55] INFO: 开始配置数据库
[2023-07-19 20:39:55] INFO: 数据库配置完成
[2023-07-19 20:39:55] DEBUG: 数据库设置完成
[2023-07-19 20:39:55] DEBUG: 跨域设置完成
[2023-07-19 20:39:55] INFO: 后端程序创建完成
[2023-07-19 20:39:57] INFO: 数据库连接失败，等待 1 秒后重试（第 1 次尝试）
[2023-07-19 20:40:01] INFO: 数据库连接失败，等待 2 秒后重试（第 2 次尝试）
[2023-07-19 20:40:06] INFO: 数据库连接失败，等待 4 秒后重试（第 3 次尝试）
[2023-07-19 20:40:12] INFO: 数据库连接失败，等待 8 秒后重试（第 4 次尝试）
[2023-07-19 20:40:23] INFO: 数据库连接失败，等待 16 秒后重试（第 5 次尝试）
[2023-07-19 20:40:42] INFO: 数据库连接失败，等待 32 秒后重试（第 6 次尝试）
[2023-07-19 20:41:17] INFO: 数据库连接失败，等待 64 秒后重试（第 7 次尝试）
[2023-07-19 20:41:59] INFO: 开始创建后端程序
[2023-07-19 20:41:59] INFO: 开始配置数据库
[2023-07-19 20:41:59] INFO: 数据库配置完成
[2023-07-19 20:41:59] DEBUG: 数据库设置完成
[2023-07-19 20:41:59] DEBUG: 跨域设置完成
[2023-07-19 20:41:59] INFO: 后端程序创建完成
[2023-07-19 20:42:02] INFO: 数据库连接失败，等待 1 秒后重试（第 1 次尝试）
[2023-07-19 20:42:40] INFO: 开始创建后端程序
[2023-07-19 20:42:40] INFO: 开始配置数据库
[2023-07-19 20:42:40] INFO: 数据库配置完成
[2023-07-19 20:42:40] DEBUG: 数据库设置完成
[2023-07-19 20:42:40] DEBUG: 跨域设置完成
[2023-07-19 20:42:40] INFO: 后端程序创建完成
[2023-07-19 20:42:43] INFO: 数据库连接失败，等待 1 秒后重试（第 1 次尝试）
[2023-07-19 20:42:46] INFO: 数据库连接失败，等待 2 秒后重试（第 2 次尝试）
[2023-07-19 20:42:51] INFO: 数据库连接失败，等待 4 秒后重试（第 3 次尝试）
[2023-07-19 20:42:58] INFO: 数据库连接失败，等待 8 秒后重试（第 4 次尝试）
[2023-07-19 20:43:08] INFO: 数据库连接失败，等待 16 秒后重试（第 5 次尝试）
[2023-07-19 20:43:27] INFO: 数据库连接失败，等待 32 秒后重试（第 6 次尝试）
[2023-07-19 20:44:02] INFO: 数据库连接失败，等待 64 秒后重试（第 7 次尝试）
[2023-07-19 20:47:55] INFO: 开始创建后端程序
[2023-07-19 20:47:55] INFO: 开始配置数据库
[2023-07-19 20:47:55] INFO: 数据库配置完成
[2023-07-19 20:47:55] DEBUG: 数据库设置完成
[2023-07-19 20:47:55] DEBUG: 跨域设置完成
[2023-07-19 20:47:55] INFO: 后端程序创建完成
[2023-07-19 20:47:57] INFO: 数据库连接失败，等待 1 秒后重试（第 1 次尝试）
[2023-07-19 20:48:01] INFO: 数据库连接失败，等待 2 秒后重试（第 2 次尝试）
[2023-07-19 20:48:06] INFO: 数据库连接失败，等待 4 秒后重试（第 3 次尝试）
[2023-07-19 20:48:12] INFO: 数据库连接失败，等待 8 秒后重试（第 4 次尝试）
[2023-07-19 20:48:23] INFO: 数据库连接失败，等待 16 秒后重试（第 5 次尝试）
[2023-07-19 20:48:42] INFO: 数据库连接失败，等待 32 秒后重试（第 6 次尝试）
[2023-07-19 20:49:17] INFO: 数据库连接失败，等待 64 秒后重试（第 7 次尝试）
[2023-07-19 20:50:23] INFO: 数据库连接失败，等待 128 秒后重试（第 8 次尝试）
[2023-07-19 20:52:34] INFO: 数据库连接失败，等待 256 秒后重试（第 9 次尝试）
[2023-07-19 20:56:53] ERROR: 数据库连接失败，已达最大尝试次数：(MySQLdb.OperationalError) (2005, "Unknown server host 'db' (11001)")
(Background on this error at: https://sqlalche.me/e/20/e3q8)
[2023-07-19 20:58:23] INFO: 开始创建后端程序
[2023-07-19 20:58:23] INFO: 开始配置数据库
[2023-07-19 20:58:23] INFO: 数据库配置完成
[2023-07-19 20:58:23] DEBUG: 数据库设置完成
[2023-07-19 20:58:23] DEBUG: 跨域设置完成
[2023-07-19 20:58:23] INFO: 后端程序创建完成
[2023-07-19 20:58:26] INFO: 数据库连接失败，等待 1 秒后重试（第 1 次尝试）
[2023-07-19 20:58:29] INFO: 数据库连接失败，等待 2 秒后重试（第 2 次尝试）
[2023-07-19 20:58:34] INFO: 数据库连接失败，等待 4 秒后重试（第 3 次尝试）
[2023-07-19 20:58:41] INFO: 数据库连接失败，等待 8 秒后重试（第 4 次尝试）
[2023-07-19 20:58:51] INFO: 数据库连接失败，等待 16 秒后重试（第 5 次尝试）
[2023-07-19 20:59:10] INFO: 数据库连接失败，等待 32 秒后重试（第 6 次尝试）
[2023-07-19 20:59:41] INFO: 开始创建后端程序
[2023-07-19 20:59:41] INFO: 开始配置数据库
[2023-07-19 20:59:41] INFO: 数据库配置完成
[2023-07-19 20:59:41] DEBUG: 数据库设置完成
[2023-07-19 20:59:41] DEBUG: 跨域设置完成
[2023-07-19 20:59:41] INFO: 后端程序创建完成
[2023-07-19 20:59:44] INFO: 数据库连接失败，等待 1 秒后重试（第 1 次尝试）
[2023-07-19 20:59:48] INFO: 数据库连接失败，等待 2 秒后重试（第 2 次尝试）
[2023-07-19 20:59:52] INFO: 数据库连接失败，等待 4 秒后重试（第 3 次尝试）
[2023-07-19 20:59:59] INFO: 数据库连接失败，等待 8 秒后重试（第 4 次尝试）
[2023-07-19 21:00:10] INFO: 数据库连接失败，等待 16 秒后重试（第 5 次尝试）
[2023-07-19 21:00:28] INFO: 数据库连接失败，等待 32 秒后重试（第 6 次尝试）
[2023-07-19 21:01:03] INFO: 数据库连接失败，等待 64 秒后重试（第 7 次尝试）
[2023-07-19 21:02:10] INFO: 数据库连接失败，等待 128 秒后重试（第 8 次尝试）
[2023-07-19 21:04:29] INFO: 开始创建后端程序
[2023-07-19 21:04:29] INFO: 开始配置数据库
[2023-07-19 21:04:29] INFO: 数据库配置完成
[2023-07-19 21:04:29] DEBUG: 数据库设置完成
[2023-07-19 21:04:29] DEBUG: 跨域设置完成
[2023-07-19 21:04:29] INFO: 后端程序创建完成
[2023-07-19 21:04:31] INFO: 数据库连接失败，等待 1 秒后重试（第 1 次尝试）
[2023-07-19 21:04:35] INFO: 数据库连接失败，等待 2 秒后重试（第 2 次尝试）
[2023-07-19 21:04:40] INFO: 数据库连接失败，等待 4 秒后重试（第 3 次尝试）
[2023-07-19 21:04:46] INFO: 数据库连接失败，等待 8 秒后重试（第 4 次尝试）
[2023-07-19 21:04:57] INFO: 数据库连接失败，等待 16 秒后重试（第 5 次尝试）
[2023-07-19 21:05:16] INFO: 数据库连接失败，等待 32 秒后重试（第 6 次尝试）
[2023-07-19 21:05:50] INFO: 数据库连接失败，等待 64 秒后重试（第 7 次尝试）
[2023-07-19 21:06:57] INFO: 数据库连接失败，等待 128 秒后重试（第 8 次尝试）
[2023-07-19 21:09:08] INFO: 数据库连接失败，等待 256 秒后重试（第 9 次尝试）
[2023-07-19 21:17:53] INFO: 开始创建后端程序
[2023-07-19 21:17:53] INFO: 开始配置数据库
[2023-07-19 21:17:53] INFO: 数据库配置完成
[2023-07-19 21:17:53] DEBUG: 数据库设置完成
[2023-07-19 21:17:53] DEBUG: 跨域设置完成
[2023-07-19 21:17:53] INFO: 后端程序创建完成
[2023-07-19 21:17:55] INFO: 数据库连接失败，等待 1 秒后重试（第 1 次尝试）
[2023-07-19 21:17:59] INFO: 数据库连接失败，等待 2 秒后重试（第 2 次尝试）
[2023-07-19 21:18:04] INFO: 数据库连接失败，等待 4 秒后重试（第 3 次尝试）
[2023-07-19 21:18:11] INFO: 数据库连接失败，等待 8 秒后重试（第 4 次尝试）
[2023-07-19 21:18:21] INFO: 数据库连接失败，等待 16 秒后重试（第 5 次尝试）
[2023-07-19 21:18:40] INFO: 数据库连接失败，等待 32 秒后重试（第 6 次尝试）
[2023-07-19 21:19:15] INFO: 数据库连接失败，等待 64 秒后重试（第 7 次尝试）
[2023-07-19 21:20:21] INFO: 数据库连接失败，等待 128 秒后重试（第 8 次尝试）
[2023-07-19 21:22:32] INFO: 数据库连接失败，等待 256 秒后重试（第 9 次尝试）
[2023-07-19 21:26:51] ERROR: 数据库连接失败，已达最大尝试次数：(MySQLdb.OperationalError) (2005, "Unknown server host 'db' (11001)")
(Background on this error at: https://sqlalche.me/e/20/e3q8)
[2023-07-19 21:27:07] INFO: 开始创建后端程序
[2023-07-19 21:27:07] INFO: 开始配置数据库
[2023-07-19 21:27:07] INFO: 数据库配置完成
[2023-07-19 21:27:07] DEBUG: 数据库设置完成
[2023-07-19 21:27:07] DEBUG: 跨域设置完成
[2023-07-19 21:27:07] INFO: 后端程序创建完成
[2023-07-19 21:27:09] INFO: 数据库连接失败，等待 1 秒后重试（第 1 次尝试）
[2023-07-19 21:27:13] INFO: 数据库连接失败，等待 2 秒后重试（第 2 次尝试）
[2023-07-19 21:27:18] INFO: 数据库连接失败，等待 4 秒后重试（第 3 次尝试）
[2023-07-19 21:27:24] INFO: 数据库连接失败，等待 8 秒后重试（第 4 次尝试）
[2023-07-19 21:27:35] INFO: 数据库连接失败，等待 16 秒后重试（第 5 次尝试）
[2023-07-19 21:27:54] INFO: 数据库连接失败，等待 32 秒后重试（第 6 次尝试）
[2023-07-19 21:28:29] INFO: 数据库连接失败，等待 64 秒后重试（第 7 次尝试）
[2023-07-19 21:29:35] INFO: 数据库连接失败，等待 128 秒后重试（第 8 次尝试）
[2023-07-19 21:31:46] INFO: 数据库连接失败，等待 256 秒后重试（第 9 次尝试）
[2023-07-19 21:32:54] INFO: 开始创建后端程序
[2023-07-19 21:32:54] INFO: 开始配置数据库
[2023-07-19 21:32:54] INFO: 数据库配置完成
[2023-07-19 21:32:54] DEBUG: 数据库设置完成
[2023-07-19 21:32:54] DEBUG: 跨域设置完成
[2023-07-19 21:32:54] INFO: 后端程序创建完成
[2023-07-19 21:32:57] INFO: 数据库连接失败，等待 1 秒后重试（第 1 次尝试）
[2023-07-19 21:33:00] INFO: 数据库连接失败，等待 2 秒后重试（第 2 次尝试）
[2023-07-19 21:33:05] INFO: 数据库连接失败，等待 4 秒后重试（第 3 次尝试）
[2023-07-19 21:33:12] INFO: 数据库连接失败，等待 8 秒后重试（第 4 次尝试）
[2023-07-19 21:33:22] INFO: 数据库连接失败，等待 16 秒后重试（第 5 次尝试）
[2023-07-19 21:33:41] INFO: 数据库连接失败，等待 32 秒后重试（第 6 次尝试）
[2023-07-19 21:34:16] INFO: 数据库连接失败，等待 64 秒后重试（第 7 次尝试）
[2023-07-19 21:35:23] INFO: 数据库连接失败，等待 128 秒后重试（第 8 次尝试）
[2023-07-19 21:45:22] INFO: 开始创建后端程序
[2023-07-19 21:45:22] INFO: 开始配置数据库
[2023-07-19 21:45:22] INFO: 数据库配置完成
[2023-07-19 21:45:22] DEBUG: 数据库设置完成
[2023-07-19 21:45:22] DEBUG: 跨域设置完成
[2023-07-19 21:45:22] INFO: 后端程序创建完成
[2023-07-19 21:45:25] INFO: 数据库连接失败，等待 1 秒后重试（第 1 次尝试）
[2023-07-19 21:45:28] INFO: 数据库连接失败，等待 2 秒后重试（第 2 次尝试）
[2023-07-19 21:45:33] INFO: 数据库连接失败，等待 4 秒后重试（第 3 次尝试）
[2023-07-19 21:45:40] INFO: 数据库连接失败，等待 8 秒后重试（第 4 次尝试）
[2023-07-19 21:45:50] INFO: 数据库连接失败，等待 16 秒后重试（第 5 次尝试）
[2023-07-19 21:46:09] INFO: 数据库连接失败，等待 32 秒后重试（第 6 次尝试）
[2023-07-19 21:46:44] INFO: 数据库连接失败，等待 64 秒后重试（第 7 次尝试）
[2023-07-19 21:51:13] INFO: 开始创建后端程序
[2023-07-19 21:51:13] INFO: 开始配置数据库
[2023-07-19 21:51:13] INFO: 数据库配置完成
[2023-07-19 21:51:13] DEBUG: 数据库设置完成
[2023-07-19 21:51:13] DEBUG: 跨域设置完成
[2023-07-19 21:51:13] INFO: 后端程序创建完成
[2023-07-19 21:51:16] INFO: 数据库连接失败，等待 1 秒后重试（第 1 次尝试）
[2023-07-19 21:51:20] INFO: 数据库连接失败，等待 2 秒后重试（第 2 次尝试）
[2023-07-19 21:51:24] INFO: 数据库连接失败，等待 4 秒后重试（第 3 次尝试）
[2023-07-19 21:51:31] INFO: 数据库连接失败，等待 8 秒后重试（第 4 次尝试）
[2023-07-19 21:51:42] INFO: 数据库连接失败，等待 16 秒后重试（第 5 次尝试）
[2023-07-19 21:52:00] INFO: 数据库连接失败，等待 32 秒后重试（第 6 次尝试）
[2023-07-19 21:52:35] INFO: 数据库连接失败，等待 64 秒后重试（第 7 次尝试）
[2023-07-19 21:53:42] INFO: 数据库连接失败，等待 128 秒后重试（第 8 次尝试）
[2023-07-19 21:55:05] INFO: 开始创建后端程序
[2023-07-19 21:55:05] INFO: 开始配置数据库
[2023-07-19 21:55:05] INFO: 数据库配置完成
[2023-07-19 21:55:05] DEBUG: 数据库设置完成
[2023-07-19 21:55:05] DEBUG: 跨域设置完成
[2023-07-19 21:55:05] INFO: 后端程序创建完成
[2023-07-19 21:55:07] INFO: 数据库连接失败，等待 1 秒后重试（第 1 次尝试）
[2023-07-19 21:55:11] INFO: 数据库连接失败，等待 2 秒后重试（第 2 次尝试）
[2023-07-19 21:55:16] INFO: 数据库连接失败，等待 4 秒后重试（第 3 次尝试）
[2023-07-19 21:55:22] INFO: 数据库连接失败，等待 8 秒后重试（第 4 次尝试）
[2023-07-19 21:55:33] INFO: 数据库连接失败，等待 16 秒后重试（第 5 次尝试）
[2023-07-19 21:55:52] INFO: 数据库连接失败，等待 32 秒后重试（第 6 次尝试）
[2023-07-19 21:56:26] INFO: 数据库连接失败，等待 64 秒后重试（第 7 次尝试）
[2023-07-19 21:57:33] INFO: 数据库连接失败，等待 128 秒后重试（第 8 次尝试）
[2023-07-19 21:57:54] INFO: 开始创建后端程序
[2023-07-19 21:57:54] INFO: 开始配置数据库
[2023-07-19 21:57:54] INFO: 数据库配置完成
[2023-07-19 21:57:54] DEBUG: 数据库设置完成
[2023-07-19 21:57:54] DEBUG: 跨域设置完成
[2023-07-19 21:57:54] INFO: 后端程序创建完成
[2023-07-19 21:57:56] INFO: 数据库连接失败，等待 1 秒后重试（第 1 次尝试）
[2023-07-19 21:58:00] INFO: 数据库连接失败，等待 2 秒后重试（第 2 次尝试）
[2023-07-19 21:58:05] INFO: 数据库连接失败，等待 4 秒后重试（第 3 次尝试）
[2023-07-19 21:58:12] INFO: 数据库连接失败，等待 8 秒后重试（第 4 次尝试）
[2023-07-19 21:58:22] INFO: 数据库连接失败，等待 16 秒后重试（第 5 次尝试）
[2023-07-19 21:58:41] INFO: 数据库连接失败，等待 32 秒后重试（第 6 次尝试）
[2023-07-28 12:56:10] INFO: 开始创建后端程序
[2023-07-28 12:56:10] INFO: 开始配置数据库
[2023-07-28 12:56:10] INFO: 数据库配置完成
[2023-07-28 12:56:10] DEBUG: 数据库设置完成
[2023-07-28 12:56:10] DEBUG: 跨域设置完成
[2023-07-28 12:56:10] INFO: 后端程序创建完成
[2023-07-28 12:56:13] INFO: 数据库连接失败，等待 1 秒后重试（第 1 次尝试）
[2023-07-28 12:56:16] INFO: 数据库连接失败，等待 2 秒后重试（第 2 次尝试）
[2023-07-28 12:56:21] INFO: 数据库连接失败，等待 4 秒后重试（第 3 次尝试）
[2023-07-28 12:56:28] INFO: 数据库连接失败，等待 8 秒后重试（第 4 次尝试）
[2023-07-28 12:56:39] INFO: 数据库连接失败，等待 16 秒后重试（第 5 次尝试）
[2023-07-28 12:56:57] INFO: 数据库连接失败，等待 32 秒后重试（第 6 次尝试）
[2023-07-28 12:57:32] INFO: 数据库连接失败，等待 64 秒后重试（第 7 次尝试）
[2023-07-28 12:58:39] INFO: 数据库连接失败，等待 128 秒后重试（第 8 次尝试）
[2023-07-28 13:00:57] INFO: 开始创建后端程序
[2023-07-28 13:00:57] INFO: 开始配置数据库
[2023-07-28 13:00:57] INFO: 数据库配置完成
[2023-07-28 13:00:57] DEBUG: 数据库设置完成
[2023-07-28 13:00:57] DEBUG: 跨域设置完成
[2023-07-28 13:00:57] INFO: 后端程序创建完成
[2023-07-28 13:00:59] INFO: 数据库连接失败，等待 1 秒后重试（第 1 次尝试）
[2023-07-28 13:01:03] INFO: 数据库连接失败，等待 2 秒后重试（第 2 次尝试）
[2023-07-28 13:01:08] INFO: 数据库连接失败，等待 4 秒后重试（第 3 次尝试）
[2023-07-28 13:01:14] INFO: 数据库连接失败，等待 8 秒后重试（第 4 次尝试）
[2023-07-28 13:01:25] INFO: 数据库连接失败，等待 16 秒后重试（第 5 次尝试）
[2023-07-28 13:01:44] INFO: 数据库连接失败，等待 32 秒后重试（第 6 次尝试）
[2023-07-28 13:02:19] INFO: 数据库连接失败，等待 64 秒后重试（第 7 次尝试）
[2023-07-28 13:03:25] INFO: 数据库连接失败，等待 128 秒后重试（第 8 次尝试）
[2023-07-28 13:03:48] INFO: 开始创建后端程序
[2023-07-28 13:03:48] INFO: 开始配置数据库
[2023-07-28 13:03:48] INFO: 数据库配置完成
[2023-07-28 13:03:48] DEBUG: 数据库设置完成
[2023-07-28 13:03:48] DEBUG: 跨域设置完成
[2023-07-28 13:03:48] INFO: 后端程序创建完成
[2023-07-28 13:03:51] INFO: 数据库连接失败，等待 1 秒后重试（第 1 次尝试）
[2023-07-28 13:03:54] INFO: 数据库连接失败，等待 2 秒后重试（第 2 次尝试）
[2023-07-28 13:03:59] INFO: 数据库连接失败，等待 4 秒后重试（第 3 次尝试）
[2023-07-28 13:04:06] INFO: 数据库连接失败，等待 8 秒后重试（第 4 次尝试）
[2023-07-28 13:04:16] INFO: 数据库连接失败，等待 16 秒后重试（第 5 次尝试）
[2023-07-28 13:04:35] INFO: 数据库连接失败，等待 32 秒后重试（第 6 次尝试）
[2023-07-28 13:05:10] INFO: 数据库连接失败，等待 64 秒后重试（第 7 次尝试）
[2023-07-28 13:06:17] INFO: 数据库连接失败，等待 128 秒后重试（第 8 次尝试）
[2023-07-28 13:06:35] INFO: 开始创建后端程序
[2023-07-28 13:06:35] INFO: 开始配置数据库
[2023-07-28 13:06:35] INFO: 数据库配置完成
[2023-07-28 13:06:35] DEBUG: 数据库设置完成
[2023-07-28 13:06:35] DEBUG: 跨域设置完成
[2023-07-28 13:06:35] INFO: 后端程序创建完成
[2023-07-28 13:06:38] INFO: 数据库连接失败，等待 1 秒后重试（第 1 次尝试）
[2023-07-28 13:06:41] INFO: 数据库连接失败，等待 2 秒后重试（第 2 次尝试）
[2023-07-28 13:06:46] INFO: 数据库连接失败，等待 4 秒后重试（第 3 次尝试）
[2023-07-28 13:06:53] INFO: 数据库连接失败，等待 8 秒后重试（第 4 次尝试）
[2023-07-28 13:07:04] INFO: 数据库连接失败，等待 16 秒后重试（第 5 次尝试）
[2023-07-28 13:07:22] INFO: 数据库连接失败，等待 32 秒后重试（第 6 次尝试）
[2023-07-28 13:07:57] INFO: 数据库连接失败，等待 64 秒后重试（第 7 次尝试）
[2023-07-28 13:09:04] INFO: 数据库连接失败，等待 128 秒后重试（第 8 次尝试）
[2023-07-28 13:11:14] INFO: 数据库连接失败，等待 256 秒后重试（第 9 次尝试）
[2023-07-28 13:12:36] INFO: 开始创建后端程序
[2023-07-28 13:12:36] INFO: 开始配置数据库
[2023-07-28 13:12:36] INFO: 数据库配置完成
[2023-07-28 13:12:36] DEBUG: 数据库设置完成
[2023-07-28 13:12:36] DEBUG: 跨域设置完成
[2023-07-28 13:12:36] INFO: 后端程序创建完成
[2023-07-28 13:12:39] INFO: 数据库连接失败，等待 1 秒后重试（第 1 次尝试）
[2023-07-28 13:12:43] INFO: 数据库连接失败，等待 2 秒后重试（第 2 次尝试）
[2023-07-28 13:12:48] INFO: 数据库连接失败，等待 4 秒后重试（第 3 次尝试）
[2023-07-28 13:12:54] INFO: 数据库连接失败，等待 8 秒后重试（第 4 次尝试）
[2023-07-28 13:13:05] INFO: 数据库连接失败，等待 16 秒后重试（第 5 次尝试）
[2023-07-28 13:13:24] INFO: 数据库连接失败，等待 32 秒后重试（第 6 次尝试）
[2023-07-28 13:13:58] INFO: 数据库连接失败，等待 64 秒后重试（第 7 次尝试）
[2023-07-28 13:15:05] INFO: 数据库连接失败，等待 128 秒后重试（第 8 次尝试）
[2023-07-28 13:17:16] INFO: 数据库连接失败，等待 256 秒后重试（第 9 次尝试）
[2023-07-28 13:19:31] INFO: 开始创建后端程序
[2023-07-28 13:19:31] INFO: 开始配置数据库
[2023-07-28 13:19:31] INFO: 数据库配置完成
[2023-07-28 13:19:31] DEBUG: 数据库设置完成
[2023-07-28 13:19:31] DEBUG: 跨域设置完成
[2023-07-28 13:19:31] INFO: 后端程序创建完成
[2023-07-28 13:19:34] INFO: 数据库连接失败，等待 1 秒后重试（第 1 次尝试）
[2023-07-28 13:19:38] INFO: 数据库连接失败，等待 2 秒后重试（第 2 次尝试）
[2023-07-28 13:19:42] INFO: 数据库连接失败，等待 4 秒后重试（第 3 次尝试）
[2023-07-28 13:19:49] INFO: 数据库连接失败，等待 8 秒后重试（第 4 次尝试）
[2023-07-28 13:20:00] INFO: 数据库连接失败，等待 16 秒后重试（第 5 次尝试）
[2023-07-28 13:20:18] INFO: 数据库连接失败，等待 32 秒后重试（第 6 次尝试）
[2023-07-28 13:20:53] INFO: 数据库连接失败，等待 64 秒后重试（第 7 次尝试）
[2023-07-28 13:21:22] INFO: 开始创建后端程序
[2023-07-28 13:21:22] INFO: 开始配置数据库
[2023-07-28 13:21:22] INFO: 数据库配置完成
[2023-07-28 13:21:22] DEBUG: 数据库设置完成
[2023-07-28 13:21:22] DEBUG: 跨域设置完成
[2023-07-28 13:21:22] INFO: 后端程序创建完成
[2023-07-28 13:21:25] INFO: 数据库连接失败，等待 1 秒后重试（第 1 次尝试）
[2023-07-28 13:21:28] INFO: 数据库连接失败，等待 2 秒后重试（第 2 次尝试）
[2023-07-28 13:21:33] INFO: 数据库连接失败，等待 4 秒后重试（第 3 次尝试）
[2023-07-28 13:21:40] INFO: 数据库连接失败，等待 8 秒后重试（第 4 次尝试）
[2023-07-28 13:21:50] INFO: 数据库连接失败，等待 16 秒后重试（第 5 次尝试）
[2023-07-28 13:22:09] INFO: 数据库连接失败，等待 32 秒后重试（第 6 次尝试）
[2023-07-28 13:22:44] INFO: 数据库连接失败，等待 64 秒后重试（第 7 次尝试）
[2023-07-28 13:26:50] INFO: 开始创建后端程序
[2023-07-28 13:26:50] INFO: 开始配置数据库
[2023-07-28 13:26:50] INFO: 数据库配置完成
[2023-07-28 13:26:50] DEBUG: 数据库设置完成
[2023-07-28 13:26:50] DEBUG: 跨域设置完成
[2023-07-28 13:26:51] INFO: 后端程序创建完成
[2023-07-28 13:26:53] INFO: 数据库连接失败，等待 1 秒后重试（第 1 次尝试）
[2023-07-28 13:26:57] INFO: 数据库连接失败，等待 2 秒后重试（第 2 次尝试）
[2023-07-28 13:27:02] INFO: 数据库连接失败，等待 4 秒后重试（第 3 次尝试）
[2023-07-28 13:27:08] INFO: 数据库连接失败，等待 8 秒后重试（第 4 次尝试）
[2023-07-28 13:27:19] INFO: 数据库连接失败，等待 16 秒后重试（第 5 次尝试）
[2023-07-28 13:27:38] INFO: 数据库连接失败，等待 32 秒后重试（第 6 次尝试）
[2023-07-28 13:28:12] INFO: 数据库连接失败，等待 64 秒后重试（第 7 次尝试）
[2023-07-28 13:32:01] INFO: 开始创建后端程序
[2023-07-28 13:32:01] INFO: 开始配置数据库
[2023-07-28 13:32:01] INFO: 数据库配置完成
[2023-07-28 13:32:01] DEBUG: 数据库设置完成
[2023-07-28 13:32:01] DEBUG: 跨域设置完成
[2023-07-28 13:32:01] INFO: 后端程序创建完成
[2023-07-28 13:32:04] INFO: 数据库连接失败，等待 1 秒后重试（第 1 次尝试）
[2023-07-28 13:32:07] INFO: 数据库连接失败，等待 2 秒后重试（第 2 次尝试）
[2023-07-28 13:32:12] INFO: 数据库连接失败，等待 4 秒后重试（第 3 次尝试）
[2023-07-28 13:32:19] INFO: 数据库连接失败，等待 8 秒后重试（第 4 次尝试）
[2023-07-28 13:32:30] INFO: 数据库连接失败，等待 16 秒后重试（第 5 次尝试）
[2023-07-28 13:32:48] INFO: 数据库连接失败，等待 32 秒后重试（第 6 次尝试）
